[debug] [2022-06-26T09:05:51.220Z] ----------------------------------------------------------------------
[debug] [2022-06-26T09:05:51.222Z] Command:       /home/himanshu/bin/node /home/himanshu/bin/firebase init
[debug] [2022-06-26T09:05:51.222Z] CLI Version:   11.1.0
[debug] [2022-06-26T09:05:51.222Z] Platform:      linux
[debug] [2022-06-26T09:05:51.223Z] Node Version:  v16.14.2
[debug] [2022-06-26T09:05:51.223Z] Time:          Sun Jun 26 2022 14:35:51 GMT+0530 (India Standard Time)
[debug] [2022-06-26T09:05:51.223Z] ----------------------------------------------------------------------
[debug] 
[debug] [2022-06-26T09:05:51.229Z] > command requires scopes: ["email","openid","https://www.googleapis.com/auth/cloudplatformprojects.readonly","https://www.googleapis.com/auth/firebase","https://www.googleapis.com/auth/cloud-platform"]
[debug] [2022-06-26T09:05:51.229Z] > authorizing via signed-in user (dedha.himanshu114h@gmail.com)
[info] 
     ######## #### ########  ######## ########     ###     ######  ########
     ##        ##  ##     ## ##       ##     ##  ##   ##  ##       ##
     ######    ##  ########  ######   ########  #########  ######  ######
     ##        ##  ##    ##  ##       ##     ## ##     ##       ## ##
     ##       #### ##     ## ######## ########  ##     ##  ######  ########

You're about to initialize a Firebase project in this directory:

  /home/himanshu/Exam Papers DataBase

[info] 
=== Project Setup
[info] 
[info] First, let's associate this project directory with a Firebase project.
[info] You can create multiple project aliases by running firebase use --add, 
[info] but for now we'll just set up a default project.
[info] 
[debug] [2022-06-26T09:06:18.706Z] >>> [apiv2][query] GET https://firebase.googleapis.com/v1beta1/projects pageSize=100
[debug] [2022-06-26T09:06:19.909Z] <<< [apiv2][status] GET https://firebase.googleapis.com/v1beta1/projects 200
[debug] [2022-06-26T09:06:19.909Z] <<< [apiv2][body] GET https://firebase.googleapis.com/v1beta1/projects [omitted]
[info] i  Using project exam-world-e3345 (Exam World) 
[info] 
=== Database Setup
[info] i  database: ensuring required API firebasedatabase.googleapis.com is enabled... 
[debug] [2022-06-26T09:06:21.912Z] >>> [apiv2][query] GET https://serviceusage.googleapis.com/v1/projects/exam-world-e3345/services/firebasedatabase.googleapis.com [none]
[debug] [2022-06-26T09:06:24.057Z] <<< [apiv2][status] GET https://serviceusage.googleapis.com/v1/projects/exam-world-e3345/services/firebasedatabase.googleapis.com 200
[debug] [2022-06-26T09:06:24.057Z] <<< [apiv2][body] GET https://serviceusage.googleapis.com/v1/projects/exam-world-e3345/services/firebasedatabase.googleapis.com [omitted]
[info] ✔  database: required API firebasedatabase.googleapis.com is enabled 
[info] 
[debug] [2022-06-26T09:06:24.059Z] >>> [apiv2][query] GET https://firebasedatabase.googleapis.com/v1beta/projects/exam-world-e3345/locations/-/instances/exam-world-e3345-default-rtdb [none]
[debug] [2022-06-26T09:06:24.948Z] <<< [apiv2][status] GET https://firebasedatabase.googleapis.com/v1beta/projects/exam-world-e3345/locations/-/instances/exam-world-e3345-default-rtdb 200
[debug] [2022-06-26T09:06:24.949Z] <<< [apiv2][body] GET https://firebasedatabase.googleapis.com/v1beta/projects/exam-world-e3345/locations/-/instances/exam-world-e3345-default-rtdb {"name":"projects/468101289628/locations/asia-southeast1/instances/exam-world-e3345-default-rtdb","project":"projects/468101289628","databaseUrl":"https://exam-world-e3345-default-rtdb.asia-southeast1.firebasedatabase.app","type":"DEFAULT_DATABASE","state":"ACTIVE"}
[info] 
[info] Firebase Realtime Database Security Rules allow you to define how your data should be
[info] structured and when your data can be read from and written to.
[info] 
[info] Skipping overwrite of Realtime Database Security Rules.
[info] The security rules defined in database.rules.json will be published when you run firebase deploy.
[info] 
=== Firestore Setup
[debug] [2022-06-26T09:06:46.613Z] >>> [apiv2][query] GET https://serviceusage.googleapis.com/v1/projects/exam-world-e3345/services/firestore.googleapis.com [none]
[debug] [2022-06-26T09:06:48.697Z] <<< [apiv2][status] GET https://serviceusage.googleapis.com/v1/projects/exam-world-e3345/services/firestore.googleapis.com 200
[debug] [2022-06-26T09:06:48.698Z] <<< [apiv2][body] GET https://serviceusage.googleapis.com/v1/projects/exam-world-e3345/services/firestore.googleapis.com [omitted]
[debug] [2022-06-26T09:06:48.698Z] >>> [apiv2][query] GET https://appengine.googleapis.com/v1/apps/exam-world-e3345 [none]
[debug] [2022-06-26T09:06:49.978Z] <<< [apiv2][status] GET https://appengine.googleapis.com/v1/apps/exam-world-e3345 200
[debug] [2022-06-26T09:06:49.979Z] <<< [apiv2][body] GET https://appengine.googleapis.com/v1/apps/exam-world-e3345 {"name":"apps/exam-world-e3345","id":"exam-world-e3345","authDomain":"gmail.com","locationId":"us-central","codeBucket":"staging.exam-world-e3345.appspot.com","servingStatus":"SERVING","defaultHostname":"exam-world-e3345.uc.r.appspot.com","defaultBucket":"exam-world-e3345.appspot.com","serviceAccount":"exam-world-e3345@appspot.gserviceaccount.com","gcrDomain":"us.gcr.io","databaseType":"CLOUD_FIRESTORE","featureSettings":{"splitHealthChecks":true,"useContainerOptimizedOs":true}}
[debug] [2022-06-26T09:06:49.979Z] database_type: CLOUD_FIRESTORE
[debug] [2022-06-26T09:06:49.979Z] > command requires scopes: ["email","openid","https://www.googleapis.com/auth/cloudplatformprojects.readonly","https://www.googleapis.com/auth/firebase","https://www.googleapis.com/auth/cloud-platform"]
[debug] [2022-06-26T09:06:49.980Z] > authorizing via signed-in user (dedha.himanshu114h@gmail.com)
[debug] [2022-06-26T09:06:49.980Z] [iam] checking project exam-world-e3345 for permissions ["firebase.projects.get"]
[debug] [2022-06-26T09:06:49.981Z] >>> [apiv2][query] POST https://cloudresourcemanager.googleapis.com/v1/projects/exam-world-e3345:testIamPermissions [none]
[debug] [2022-06-26T09:06:49.981Z] >>> [apiv2][body] POST https://cloudresourcemanager.googleapis.com/v1/projects/exam-world-e3345:testIamPermissions {"permissions":["firebase.projects.get"]}
[debug] [2022-06-26T09:06:51.911Z] <<< [apiv2][status] POST https://cloudresourcemanager.googleapis.com/v1/projects/exam-world-e3345:testIamPermissions 200
[debug] [2022-06-26T09:06:51.911Z] <<< [apiv2][body] POST https://cloudresourcemanager.googleapis.com/v1/projects/exam-world-e3345:testIamPermissions {"permissions":["firebase.projects.get"]}
[info] 
[info] Firestore Security Rules allow you to define how and when to allow
[info] requests. You can keep these rules in your project directory
[info] and publish them with firebase deploy.
[info] 
[debug] [2022-06-26T09:07:02.719Z] >>> [apiv2][query] GET https://firebaserules.googleapis.com/v1/projects/exam-world-e3345/releases pageSize=10&pageToken=
[debug] [2022-06-26T09:07:04.305Z] <<< [apiv2][status] GET https://firebaserules.googleapis.com/v1/projects/exam-world-e3345/releases 200
[debug] [2022-06-26T09:07:04.305Z] <<< [apiv2][body] GET https://firebaserules.googleapis.com/v1/projects/exam-world-e3345/releases {"releases":[{"name":"projects/exam-world-e3345/releases/cloud.firestore","rulesetName":"projects/exam-world-e3345/rulesets/132d3c19-f58c-41c4-b646-baf790d2ec9e","createTime":"2022-06-26T08:53:24.887349Z","updateTime":"2022-06-26T08:59:45.702043Z"}]}
[debug] [2022-06-26T09:07:04.306Z] Found ruleset: projects/exam-world-e3345/rulesets/132d3c19-f58c-41c4-b646-baf790d2ec9e
[debug] [2022-06-26T09:07:04.307Z] >>> [apiv2][query] GET https://firebaserules.googleapis.com/v1/projects/exam-world-e3345/rulesets/132d3c19-f58c-41c4-b646-baf790d2ec9e [none]
[debug] [2022-06-26T09:07:05.016Z] <<< [apiv2][status] GET https://firebaserules.googleapis.com/v1/projects/exam-world-e3345/rulesets/132d3c19-f58c-41c4-b646-baf790d2ec9e 200
[debug] [2022-06-26T09:07:05.016Z] <<< [apiv2][body] GET https://firebaserules.googleapis.com/v1/projects/exam-world-e3345/rulesets/132d3c19-f58c-41c4-b646-baf790d2ec9e [omitted]
[info] 
[info] Firestore indexes allow you to perform complex queries while
[info] maintaining performance that scales with the size of the result
[info] set. You can keep index definitions in your project directory
[info] and publish them with firebase deploy.
[info] 
[debug] [2022-06-26T09:07:18.438Z] >>> [apiv2][query] GET https://firestore.googleapis.com/v1/projects/exam-world-e3345/databases/(default)/collectionGroups/-/indexes [none]
[debug] [2022-06-26T09:07:18.441Z] >>> [apiv2][query] GET https://firestore.googleapis.com/v1/projects/exam-world-e3345/databases/(default)/collectionGroups/-/fields?filter=indexConfig.usesAncestorConfig=false [none]
[debug] [2022-06-26T09:07:20.382Z] <<< [apiv2][status] GET https://firestore.googleapis.com/v1/projects/exam-world-e3345/databases/(default)/collectionGroups/-/indexes 200
[debug] [2022-06-26T09:07:20.382Z] <<< [apiv2][body] GET https://firestore.googleapis.com/v1/projects/exam-world-e3345/databases/(default)/collectionGroups/-/indexes {}
[debug] [2022-06-26T09:07:20.384Z] <<< [apiv2][status] GET https://firestore.googleapis.com/v1/projects/exam-world-e3345/databases/(default)/collectionGroups/-/fields?filter=indexConfig.usesAncestorConfig=false 200
[debug] [2022-06-26T09:07:20.384Z] <<< [apiv2][body] GET https://firestore.googleapis.com/v1/projects/exam-world-e3345/databases/(default)/collectionGroups/-/fields?filter=indexConfig.usesAncestorConfig=false {"fields":[{"name":"projects/exam-world-e3345/databases/(default)/collectionGroups/__default__/fields/*","indexConfig":{"indexes":[{"queryScope":"COLLECTION","fields":[{"fieldPath":"*","order":"ASCENDING"}],"state":"READY"},{"queryScope":"COLLECTION","fields":[{"fieldPath":"*","order":"DESCENDING"}],"state":"READY"},{"queryScope":"COLLECTION","fields":[{"fieldPath":"*","arrayConfig":"CONTAINS"}],"state":"READY"}]}}]}
[info] 
=== Functions Setup
[info] 
[info] A functions directory will be created in your project with sample code
[info] pre-configured. Functions can be deployed with firebase deploy.
[info] 
[debug] [2022-06-26T09:07:20.387Z] > command requires scopes: ["email","openid","https://www.googleapis.com/auth/cloudplatformprojects.readonly","https://www.googleapis.com/auth/firebase","https://www.googleapis.com/auth/cloud-platform"]
[debug] [2022-06-26T09:07:20.387Z] > authorizing via signed-in user (dedha.himanshu114h@gmail.com)
[debug] [2022-06-26T09:07:20.387Z] [iam] checking project exam-world-e3345 for permissions ["firebase.projects.get"]
[debug] [2022-06-26T09:07:20.387Z] >>> [apiv2][query] POST https://cloudresourcemanager.googleapis.com/v1/projects/exam-world-e3345:testIamPermissions [none]
[debug] [2022-06-26T09:07:20.387Z] >>> [apiv2][body] POST https://cloudresourcemanager.googleapis.com/v1/projects/exam-world-e3345:testIamPermissions {"permissions":["firebase.projects.get"]}
[debug] [2022-06-26T09:07:22.151Z] <<< [apiv2][status] POST https://cloudresourcemanager.googleapis.com/v1/projects/exam-world-e3345:testIamPermissions 200
[debug] [2022-06-26T09:07:22.151Z] <<< [apiv2][body] POST https://cloudresourcemanager.googleapis.com/v1/projects/exam-world-e3345:testIamPermissions {"permissions":["firebase.projects.get"]}
[debug] [2022-06-26T09:07:22.152Z] >>> [apiv2][query] GET https://serviceusage.googleapis.com/v1/projects/exam-world-e3345/services/cloudfunctions.googleapis.com [none]
[debug] [2022-06-26T09:07:22.156Z] >>> [apiv2][query] GET https://serviceusage.googleapis.com/v1/projects/exam-world-e3345/services/runtimeconfig.googleapis.com [none]
[debug] [2022-06-26T09:07:24.265Z] <<< [apiv2][status] GET https://serviceusage.googleapis.com/v1/projects/exam-world-e3345/services/cloudfunctions.googleapis.com 200
[debug] [2022-06-26T09:07:24.265Z] <<< [apiv2][body] GET https://serviceusage.googleapis.com/v1/projects/exam-world-e3345/services/cloudfunctions.googleapis.com [omitted]
[debug] [2022-06-26T09:07:24.266Z] >>> [apiv2][query] POST https://serviceusage.googleapis.com/v1/projects/exam-world-e3345/services/cloudfunctions.googleapis.com:enable [none]
[debug] [2022-06-26T09:07:24.269Z] <<< [apiv2][status] GET https://serviceusage.googleapis.com/v1/projects/exam-world-e3345/services/runtimeconfig.googleapis.com 200
[debug] [2022-06-26T09:07:24.269Z] <<< [apiv2][body] GET https://serviceusage.googleapis.com/v1/projects/exam-world-e3345/services/runtimeconfig.googleapis.com [omitted]
[debug] [2022-06-26T09:07:26.891Z] <<< [apiv2][status] POST https://serviceusage.googleapis.com/v1/projects/exam-world-e3345/services/cloudfunctions.googleapis.com:enable 200
[debug] [2022-06-26T09:07:26.892Z] <<< [apiv2][body] POST https://serviceusage.googleapis.com/v1/projects/exam-world-e3345/services/cloudfunctions.googleapis.com:enable [omitted]
[debug] [2022-06-26T09:07:36.896Z] >>> [apiv2][query] GET https://serviceusage.googleapis.com/v1/projects/exam-world-e3345/services/cloudfunctions.googleapis.com [none]
[debug] [2022-06-26T09:07:38.938Z] <<< [apiv2][status] GET https://serviceusage.googleapis.com/v1/projects/exam-world-e3345/services/cloudfunctions.googleapis.com 200
[debug] [2022-06-26T09:07:38.939Z] <<< [apiv2][body] GET https://serviceusage.googleapis.com/v1/projects/exam-world-e3345/services/cloudfunctions.googleapis.com [omitted]
[info] ✔  Wrote functions/package.json 
[info] ✔  Wrote functions/index.js 
[info] ✔  Wrote functions/.gitignore 
[info] 
=== Hosting Setup
[info] 
[info] Your public directory is the folder (relative to your project directory) that
[info] will contain Hosting assets to be uploaded with firebase deploy. If you
[info] have a build process for your assets, use your build's output directory.
[info] 
[debug] [2022-06-26T09:09:07.562Z] >>> [apiv2][query] GET https://www.gstatic.com/firebasejs/releases.json [none]
[debug] [2022-06-26T09:09:07.989Z] <<< [apiv2][status] GET https://www.gstatic.com/firebasejs/releases.json 200
[debug] [2022-06-26T09:09:07.989Z] <<< [apiv2][body] GET https://www.gstatic.com/firebasejs/releases.json {"current":{"version":"9.8.4","browserURL":"https://www.gstatic.com/firebasejs/9.8.4/firebase.js","packageURL":"https://www.gstatic.com/firebasejs/9.8.4/firebase.tgz"},"live":{"version":"9.8","browserURL":"https://www.gstatic.com/firebasejs/live/9.8/firebase.js","packageURL":"https://www.gstatic.com/firebasejs/live/9.8/firebase.tgz"},"components":{"analytics":"https://www.gstatic.com/firebasejs/9.8.4/firebase-analytics.js","app":"https://www.gstatic.com/firebasejs/9.8.4/firebase-app.js","app-check":"https://www.gstatic.com/firebasejs/9.8.4/firebase-app-check.js","auth":"https://www.gstatic.com/firebasejs/9.8.4/firebase-auth.js","auth/cordova":"https://www.gstatic.com/firebasejs/9.8.4/firebase-auth/cordova.js","auth/react-native":"https://www.gstatic.com/firebasejs/9.8.4/firebase-auth/react-native.js","functions":"https://www.gstatic.com/firebasejs/9.8.4/firebase-functions.js","firestore":"https://www.gstatic.com/firebasejs/9.8.4/firebase-firestore.js","firestore/lite":"https://www.gstatic.com/firebasejs/9.8.4/firebase-firestore/lite.js","storage":"https://www.gstatic.com/firebasejs/9.8.4/firebase-storage.js","performance":"https://www.gstatic.com/firebasejs/9.8.4/firebase-performance.js","remote-config":"https://www.gstatic.com/firebasejs/9.8.4/firebase-remote-config.js","messaging":"https://www.gstatic.com/firebasejs/9.8.4/firebase-messaging.js","messaging/sw":"https://www.gstatic.com/firebasejs/9.8.4/firebase-messaging/sw.js","database":"https://www.gstatic.com/firebasejs/9.8.4/firebase-database.js","firestore.memory":"https://www.gstatic.com/firebasejs/9.8.4/firebase-firestore.memory.js"}}
[info] ✔  Wrote public/index.html 
[info] 
[info] i  Didn't detect a .git folder. Assuming /home/himanshu/Exam Papers DataBase is the project root. 
[info] i  Authorizing with GitHub to upload your service account to a GitHub repository's secrets store. 
[info] 
[info] Visit this URL on this device to log in:
[info] https://github.com/login/oauth/authorize?client_id=89cf50f02ac6aaed3484&state=837416397&redirect_uri=http%3A%2F%2Flocalhost%3A9005&scope=read%3Auser%20repo%20public_repo
[info] 
[info] Waiting for authentication...
[debug] [2022-06-26T09:09:19.021Z] >>> [apiv2][query] POST https://github.com/login/oauth/access_token [none]
[debug] [2022-06-26T09:09:19.027Z] >>> [apiv2][body] POST https://github.com/login/oauth/access_token [stream]
[debug] [2022-06-26T09:09:19.697Z] <<< [apiv2][status] POST https://github.com/login/oauth/access_token 200
[debug] [2022-06-26T09:09:19.697Z] <<< [apiv2][body] POST https://github.com/login/oauth/access_token {"access_token":"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","token_type":"bearer","scope":"read:user,repo"}
[debug] [2022-06-26T09:09:19.705Z] >>> [apiv2][query] GET https://api.github.com/user [none]
[debug] [2022-06-26T09:09:20.375Z] <<< [apiv2][status] GET https://api.github.com/user 200
[debug] [2022-06-26T09:09:20.375Z] <<< [apiv2][body] GET https://api.github.com/user {"login":"Himanshu-Dedha","id":90980102,"node_id":"MDQ6VXNlcjkwOTgwMTAy","avatar_url":"https://avatars.githubusercontent.com/u/90980102?v=4","gravatar_id":"","url":"https://api.github.com/users/Himanshu-Dedha","html_url":"https://github.com/Himanshu-Dedha","followers_url":"https://api.github.com/users/Himanshu-Dedha/followers","following_url":"https://api.github.com/users/Himanshu-Dedha/following{/other_user}","gists_url":"https://api.github.com/users/Himanshu-Dedha/gists{/gist_id}","starred_url":"https://api.github.com/users/Himanshu-Dedha/starred{/owner}{/repo}","subscriptions_url":"https://api.github.com/users/Himanshu-Dedha/subscriptions","organizations_url":"https://api.github.com/users/Himanshu-Dedha/orgs","repos_url":"https://api.github.com/users/Himanshu-Dedha/repos","events_url":"https://api.github.com/users/Himanshu-Dedha/events{/privacy}","received_events_url":"https://api.github.com/users/Himanshu-Dedha/received_events","type":"User","site_admin":false,"name":"Himanshu Dedha","company":null,"blog":"","location":null,"email":null,"hireable":true,"bio":null,"twitter_username":"himanshu114h","public_repos":10,"public_gists":0,"followers":0,"following":2,"created_at":"2021-09-18T16:54:49Z","updated_at":"2022-06-23T02:10:59Z","private_gists":0,"total_private_repos":0,"owned_private_repos":0,"disk_usage":12678,"collaborators":0,"two_factor_authentication":false,"plan":{"name":"pro","space":976562499,"collaborators":0,"private_repos":9999}}
[info] 
[info] ✔  Success! Logged into GitHub as Himanshu-Dedha 
[info] 
[debug] [2022-06-26T09:09:56.253Z] >>> [apiv2][query] GET https://api.github.com/repos/~/'Exam papers databse'/actions/secrets/public-key type=owner
[debug] [2022-06-26T09:09:56.709Z] <<< [apiv2][status] GET https://api.github.com/repos/~/'Exam papers databse'/actions/secrets/public-key 404
[debug] [2022-06-26T09:09:56.709Z] <<< [apiv2][body] GET https://api.github.com/repos/~/'Exam papers databse'/actions/secrets/public-key {"message":"Not Found","documentation_url":"https://docs.github.com/rest/reference/actions#get-a-repository-public-key"}
[debug] [2022-06-26T09:11:12.457Z] >>> [apiv2][query] GET https://api.github.com/repos/~/'Exam papers databse'/actions/secrets/public-key type=owner
[debug] [2022-06-26T09:11:13.047Z] <<< [apiv2][status] GET https://api.github.com/repos/~/'Exam papers databse'/actions/secrets/public-key 404
[debug] [2022-06-26T09:11:13.047Z] <<< [apiv2][body] GET https://api.github.com/repos/~/'Exam papers databse'/actions/secrets/public-key {"message":"Not Found","documentation_url":"https://docs.github.com/rest/reference/actions#get-a-repository-public-key"}
